c:\users\petar\source\repos\helloworld\x64\debug\helloworld.pch
c:\users\petar\source\repos\helloworld\x64\debug\vc143.pdb
c:\users\petar\source\repos\helloworld\x64\debug\vc143.idb
c:\users\petar\source\repos\helloworld\x64\debug\pch.obj
c:\users\petar\source\repos\helloworld\x64\debug\mainfrm.obj
c:\users\petar\source\repos\helloworld\x64\debug\helloworldview.obj
c:\users\petar\source\repos\helloworld\x64\debug\helloworlddoc.obj
c:\users\petar\source\repos\helloworld\x64\debug\helloworld.obj
c:\users\petar\source\repos\helloworld\x64\debug\helloworld.exe
c:\users\petar\source\repos\helloworld\x64\debug\helloworld.ilk
c:\users\petar\source\repos\helloworld\x64\debug\helloworld.pdb
c:\users\petar\source\repos\helloworld\x64\debug\helloworld.res
c:\users\petar\source\repos\helloworld\x64\debug\helloworld.tlog\cl.command.1.tlog
c:\users\petar\source\repos\helloworld\x64\debug\helloworld.tlog\cl.items.tlog
c:\users\petar\source\repos\helloworld\x64\debug\helloworld.tlog\cl.read.1.tlog
c:\users\petar\source\repos\helloworld\x64\debug\helloworld.tlog\cl.write.1.tlog
c:\users\petar\source\repos\helloworld\x64\debug\helloworld.tlog\link.command.1.tlog
c:\users\petar\source\repos\helloworld\x64\debug\helloworld.tlog\link.read.1.tlog
c:\users\petar\source\repos\helloworld\x64\debug\helloworld.tlog\link.write.1.tlog
c:\users\petar\source\repos\helloworld\x64\debug\helloworld.tlog\rc.command.1.tlog
c:\users\petar\source\repos\helloworld\x64\debug\helloworld.tlog\rc.read.1.tlog
c:\users\petar\source\repos\helloworld\x64\debug\helloworld.tlog\rc.write.1.tlog
